<?xml version="1.0" encoding="UTF-8"?>
<testng-results ignored="0" total="1" passed="1" failed="0" skipped="0">
  <reporter-output>
  </reporter-output>
  <suite started-at="2018-01-06T23:36:24Z" name="Default suite" finished-at="2018-01-06T23:36:46Z" duration-ms="22354">
    <groups>
    </groups>
    <test started-at="2018-01-06T23:36:24Z" name="Default test" finished-at="2018-01-06T23:36:46Z" duration-ms="22354">
      <class name="tests.SeleniumLoginTest">
        <test-method is-config="true" signature="setUp()[pri:0, instance:tests.SeleniumLoginTest@587e5365]" started-at="2018-01-06T17:36:24Z" name="setUp" finished-at="2018-01-06T17:36:31Z" duration-ms="7236" status="PASS">
          <reporter-output>
          </reporter-output>
        </test-method> <!-- setUp -->
        <test-method signature="testlogin()[pri:0, instance:tests.SeleniumLoginTest@587e5365]" started-at="2018-01-06T17:36:31Z" name="testlogin" finished-at="2018-01-06T17:36:46Z" duration-ms="15094" status="PASS">
          <reporter-output>
          </reporter-output>
        </test-method> <!-- testlogin -->
        <test-method is-config="true" signature="cleanUp()[pri:0, instance:tests.SeleniumLoginTest@587e5365]" started-at="2018-01-06T17:36:46Z" name="cleanUp" finished-at="2018-01-06T17:36:46Z" duration-ms="0" status="PASS">
          <reporter-output>
          </reporter-output>
        </test-method> <!-- cleanUp -->
      </class> <!-- tests.SeleniumLoginTest -->
    </test> <!-- Default test -->
  </suite> <!-- Default suite -->
</testng-results>
